COMMAND: JKQC 3sa1ma2tma-301020_10_135.log 3sa1ma2tma-301020_10_203.log 3sa1ma2tma-301020_10_215.log 3sa1ma2tma-301020_10_90.log 3sa1ma2tma-301020_13_69.log 3sa1ma2tma-301020_14_116.log 3sa1ma2tma-301020_14_118.log 3sa1ma2tma-301020_14_191.log 3sa1ma2tma-301020_14_195.log 3sa1ma2tma-301020_15_114.log 3sa1ma2tma-301020_17_169.log 3sa1ma2tma-301020_17_54.log 3sa1ma2tma-301020_22_130.log 3sa1ma2tma-301020_22_149.log 3sa1ma2tma-301020_22_169.log 3sa1ma2tma-301020_22_180.log 3sa1ma2tma-301020_22_76.log 3sa1ma2tma-301020_22_87.log 3sa1ma2tma-301020_23_105.log 3sa1ma2tma-301020_23_110.log 3sa1ma2tma-301020_23_162.log 3sa1ma2tma-301020_23_209.log 3sa1ma2tma-301020_23_90.log 3sa1ma2tma-301020_2_75.log 3sa1ma2tma-301020_3_103.log 3sa1ma2tma-301020_3_206.log 3sa1ma2tma-301020_3_51.log 3sa1ma2tma-301020_3_57.log 3sa1ma2tma-301020_4_134.log 3sa1ma2tma-301020_5_116.log 3sa1ma2tma-301020_5_120.log 3sa1ma2tma-301020_7_86.log 3sa1ma2tma-301020_7_87.log 3sa1ma2tma-301020_8_0.log 3sa1ma2tma-301020_8_154.log 3sa1ma2tma-301020_8_198.log 3sa1ma2tma-301020_9_109.log 3sa1ma2tma-301020_9_181.log 3sa1ma2tma-301020_9_183.log 3sa1ma2tma-301020_9_188.log 3sa1ma2tma-301020_9_189.log 3sa1ma2tma-301020_9_205.log 3sa1ma2tma-301020_9_27.log 3sa1ma2tma-301020_9_71.log -noexample -out database.pkl
COMMAND: JKQC -noexample -fc 100 -v 0.996 -sort gout -select 1 -out database.pkl
COMMAND: JKQC 3sa1ma2tma-301020_10_135.log 3sa1ma2tma-301020_10_203.log 3sa1ma2tma-301020_10_215.log 3sa1ma2tma-301020_10_90.log 3sa1ma2tma-301020_13_69.log 3sa1ma2tma-301020_14_116.log 3sa1ma2tma-301020_14_118.log 3sa1ma2tma-301020_14_191.log 3sa1ma2tma-301020_14_195.log 3sa1ma2tma-301020_15_114.log 3sa1ma2tma-301020_17_169.log 3sa1ma2tma-301020_17_54.log 3sa1ma2tma-301020_22_130.log 3sa1ma2tma-301020_22_149.log 3sa1ma2tma-301020_22_169.log 3sa1ma2tma-301020_22_180.log 3sa1ma2tma-301020_22_76.log 3sa1ma2tma-301020_22_87.log 3sa1ma2tma-301020_23_105.log 3sa1ma2tma-301020_23_110.log 3sa1ma2tma-301020_23_162.log 3sa1ma2tma-301020_23_209.log 3sa1ma2tma-301020_23_90.log 3sa1ma2tma-301020_2_75.log 3sa1ma2tma-301020_3_103.log 3sa1ma2tma-301020_3_206.log 3sa1ma2tma-301020_3_51.log 3sa1ma2tma-301020_3_57.log 3sa1ma2tma-301020_4_134.log 3sa1ma2tma-301020_5_116.log 3sa1ma2tma-301020_5_120.log 3sa1ma2tma-301020_7_86.log 3sa1ma2tma-301020_7_87.log 3sa1ma2tma-301020_8_0.log 3sa1ma2tma-301020_8_154.log 3sa1ma2tma-301020_8_198.log 3sa1ma2tma-301020_9_109.log 3sa1ma2tma-301020_9_181.log 3sa1ma2tma-301020_9_183.log 3sa1ma2tma-301020_9_188.log 3sa1ma2tma-301020_9_189.log 3sa1ma2tma-301020_9_205.log 3sa1ma2tma-301020_9_27.log 3sa1ma2tma-301020_9_71.log -noexample -out database.pkl
COMMAND: JKQC database.pkl -ct -gout
/home/kubeckaj/ACDB/database_v2/DLPNO_vnw16/Kubecka23-DFT/SYS_3sa_1ma_2tma
slurmstepd: error: *** JOB 2640070 ON s95n13 CANCELLED AT 2023-03-08T13:48:21 ***
/home/kubeckaj/ACDB/database_v2/DLPNO_vnw16/Kubecka23-DFT/SYS_3sa_1ma_2tma
COMMAND: JKQC 3sa1ma2tma-301020_10_135.log 3sa1ma2tma-301020_10_203.log 3sa1ma2tma-301020_10_215.log 3sa1ma2tma-301020_10_90.log 3sa1ma2tma-301020_13_69.log 3sa1ma2tma-301020_14_116.log 3sa1ma2tma-301020_14_118.log 3sa1ma2tma-301020_14_191.log 3sa1ma2tma-301020_14_195.log 3sa1ma2tma-301020_15_114.log 3sa1ma2tma-301020_17_169.log 3sa1ma2tma-301020_17_54.log 3sa1ma2tma-301020_22_130.log 3sa1ma2tma-301020_22_149.log 3sa1ma2tma-301020_22_169.log 3sa1ma2tma-301020_22_180.log 3sa1ma2tma-301020_22_76.log 3sa1ma2tma-301020_22_87.log 3sa1ma2tma-301020_23_105.log 3sa1ma2tma-301020_23_110.log 3sa1ma2tma-301020_23_162.log 3sa1ma2tma-301020_23_209.log 3sa1ma2tma-301020_23_90.log 3sa1ma2tma-301020_2_75.log 3sa1ma2tma-301020_3_103.log 3sa1ma2tma-301020_3_206.log 3sa1ma2tma-301020_3_51.log 3sa1ma2tma-301020_3_57.log 3sa1ma2tma-301020_4_134.log 3sa1ma2tma-301020_5_116.log 3sa1ma2tma-301020_5_120.log 3sa1ma2tma-301020_7_86.log 3sa1ma2tma-301020_7_87.log 3sa1ma2tma-301020_8_0.log 3sa1ma2tma-301020_8_154.log 3sa1ma2tma-301020_8_198.log 3sa1ma2tma-301020_9_109.log 3sa1ma2tma-301020_9_181.log 3sa1ma2tma-301020_9_183.log 3sa1ma2tma-301020_9_188.log 3sa1ma2tma-301020_9_189.log 3sa1ma2tma-301020_9_205.log 3sa1ma2tma-301020_9_27.log 3sa1ma2tma-301020_9_71.log -reacted -noexample -out database1DLPNO.pkl
Number of files: 44
COMMAND: JKQC database1DLPNO.pkl -ct -gout
/home/kubeckaj/ACDB/database_v2/DLPNO_vnw16/Kubecka23-DFT/SYS_3sa_1ma_2tma
/home/kubeckaj/ACDB/database_v2/DLPNO_vnw16/Kubecka23-DFT/SYS_3sa_1ma_2tma
COMMAND: JKQC 3sa1ma2tma-301020_10_135.log 3sa1ma2tma-301020_10_203.log 3sa1ma2tma-301020_10_215.log 3sa1ma2tma-301020_10_90.log 3sa1ma2tma-301020_13_69.log 3sa1ma2tma-301020_14_116.log 3sa1ma2tma-301020_14_118.log 3sa1ma2tma-301020_14_191.log 3sa1ma2tma-301020_14_195.log 3sa1ma2tma-301020_15_114.log 3sa1ma2tma-301020_17_169.log 3sa1ma2tma-301020_17_54.log 3sa1ma2tma-301020_22_130.log 3sa1ma2tma-301020_22_149.log 3sa1ma2tma-301020_22_169.log 3sa1ma2tma-301020_22_180.log 3sa1ma2tma-301020_22_76.log 3sa1ma2tma-301020_22_87.log 3sa1ma2tma-301020_23_105.log 3sa1ma2tma-301020_23_110.log 3sa1ma2tma-301020_23_162.log 3sa1ma2tma-301020_23_209.log 3sa1ma2tma-301020_23_90.log 3sa1ma2tma-301020_2_75.log 3sa1ma2tma-301020_3_103.log 3sa1ma2tma-301020_3_206.log 3sa1ma2tma-301020_3_51.log 3sa1ma2tma-301020_3_57.log 3sa1ma2tma-301020_4_134.log 3sa1ma2tma-301020_5_116.log 3sa1ma2tma-301020_5_120.log 3sa1ma2tma-301020_7_86.log 3sa1ma2tma-301020_7_87.log 3sa1ma2tma-301020_8_0.log 3sa1ma2tma-301020_8_154.log 3sa1ma2tma-301020_8_198.log 3sa1ma2tma-301020_9_109.log 3sa1ma2tma-301020_9_181.log 3sa1ma2tma-301020_9_183.log 3sa1ma2tma-301020_9_188.log 3sa1ma2tma-301020_9_189.log 3sa1ma2tma-301020_9_205.log 3sa1ma2tma-301020_9_27.log 3sa1ma2tma-301020_9_71.log -reacted -noexample -out database3DFT.pkl
Number of files: 44
/home/kubeckaj/ACDB/database_v2/DLPNO_vnw16/Kubecka23-DFT/SYS_3sa_1ma_2tma
/home/kubeckaj/ACDB/database_v2/DLPNO_vnw16/Kubecka23-DFT/SYS_3sa_1ma_2tma
COMMAND: JKQC 3sa1ma2tma-301020_10_135.log 3sa1ma2tma-301020_10_203.log 3sa1ma2tma-301020_10_215.log 3sa1ma2tma-301020_10_90.log 3sa1ma2tma-301020_13_69.log 3sa1ma2tma-301020_14_116.log 3sa1ma2tma-301020_14_118.log 3sa1ma2tma-301020_14_191.log 3sa1ma2tma-301020_14_195.log 3sa1ma2tma-301020_15_114.log 3sa1ma2tma-301020_17_169.log 3sa1ma2tma-301020_17_54.log 3sa1ma2tma-301020_22_130.log 3sa1ma2tma-301020_22_149.log 3sa1ma2tma-301020_22_169.log 3sa1ma2tma-301020_22_180.log 3sa1ma2tma-301020_22_76.log 3sa1ma2tma-301020_22_87.log 3sa1ma2tma-301020_23_105.log 3sa1ma2tma-301020_23_110.log 3sa1ma2tma-301020_23_162.log 3sa1ma2tma-301020_23_209.log 3sa1ma2tma-301020_23_90.log 3sa1ma2tma-301020_2_75.log 3sa1ma2tma-301020_3_103.log 3sa1ma2tma-301020_3_206.log 3sa1ma2tma-301020_3_51.log 3sa1ma2tma-301020_3_57.log 3sa1ma2tma-301020_4_134.log 3sa1ma2tma-301020_5_116.log 3sa1ma2tma-301020_5_120.log 3sa1ma2tma-301020_7_86.log 3sa1ma2tma-301020_7_87.log 3sa1ma2tma-301020_8_0.log 3sa1ma2tma-301020_8_154.log 3sa1ma2tma-301020_8_198.log 3sa1ma2tma-301020_9_109.log 3sa1ma2tma-301020_9_181.log 3sa1ma2tma-301020_9_183.log 3sa1ma2tma-301020_9_188.log 3sa1ma2tma-301020_9_189.log 3sa1ma2tma-301020_9_205.log 3sa1ma2tma-301020_9_27.log 3sa1ma2tma-301020_9_71.log -reacted -noexample -out database.pkl
Number of files: 44
/home/kubeckaj/ACDB/database_v2/DLPNO_vnw16/Kubecka23-DFT/SYS_3sa_1ma_2tma
COMMAND: JKQC database.pkl -noexample -fc 100 -v 0.996 -sort g -select 3 -reacted -unique rg,el,g -out database3DFT.pkl
COMMAND: JKQC database.pkl -noexample -fc 100 -v 0.996 -globout -reacted -out database1DLPNO.pkl
COMMAND: JKQC database1DLPNO.pkl -ct -gout
/home/kubeckaj/ACDB/database_v2/DLPNO_vnw16/Kubecka23-DFT/SYS_3sa_1ma_2tma
COMMAND: JKQC database.pkl -noexample -fc 100 -v 0.996 -sort gout -select 1 -reacted -out database1DLPNO.pkl
Traceback (most recent call last):
  File "/home/kubeckaj/Applications/JKCS2.1/JKQC/JKCS/lib/python3.9/site-packages/pandas/core/indexes/base.py", line 3361, in get_loc
    return self._engine.get_loc(casted_key)
  File "pandas/_libs/index.pyx", line 76, in pandas._libs.index.IndexEngine.get_loc
  File "pandas/_libs/index.pyx", line 108, in pandas._libs.index.IndexEngine.get_loc
  File "pandas/_libs/hashtable_class_helper.pxi", line 5198, in pandas._libs.hashtable.PyObjectHashTable.get_item
  File "pandas/_libs/hashtable_class_helper.pxi", line 5206, in pandas._libs.hashtable.PyObjectHashTable.get_item
KeyError: 'out'

The above exception was the direct cause of the following exception:

Traceback (most recent call last):
  File "/home/kubeckaj/Applications/JKCS2.1/JKQC/JKQCpickle.py", line 2042, in <module>
    sorted_indices = (clusters_df["log"]["gibbs_free_energy"]-clusters_df["log"]["electronic_energy"]+clusters_df["out"]["electronic_energy"]).sort_values().index
  File "/home/kubeckaj/Applications/JKCS2.1/JKQC/JKCS/lib/python3.9/site-packages/pandas/core/frame.py", line 3457, in __getitem__
    return self._getitem_multilevel(key)
  File "/home/kubeckaj/Applications/JKCS2.1/JKQC/JKCS/lib/python3.9/site-packages/pandas/core/frame.py", line 3508, in _getitem_multilevel
    loc = self.columns.get_loc(key)
  File "/home/kubeckaj/Applications/JKCS2.1/JKQC/JKCS/lib/python3.9/site-packages/pandas/core/indexes/multi.py", line 2922, in get_loc
    loc = self._get_level_indexer(key, level=0)
  File "/home/kubeckaj/Applications/JKCS2.1/JKQC/JKCS/lib/python3.9/site-packages/pandas/core/indexes/multi.py", line 3204, in _get_level_indexer
    idx = self._get_loc_single_level_index(level_index, key)
  File "/home/kubeckaj/Applications/JKCS2.1/JKQC/JKCS/lib/python3.9/site-packages/pandas/core/indexes/multi.py", line 2855, in _get_loc_single_level_index
    return level_index.get_loc(key)
  File "/home/kubeckaj/Applications/JKCS2.1/JKQC/JKCS/lib/python3.9/site-packages/pandas/core/indexes/base.py", line 3363, in get_loc
    raise KeyError(key) from err
KeyError: 'out'
COMMAND: JKQC database1DLPNO.pkl -ct -gout
/home/kubeckaj/ACDB/database_v2/DLPNO_vnw16/Kubecka23-DFT/SYS_3sa_1ma_2tma
COMMAND: JKQC database.pkl -noexample -fc 100 -v 0.996 -sort gout -select 1 -reacted -out database1DLPNO.pkl
COMMAND: JKQC database1DLPNO.pkl -ct -gout
COMMAND: JKQC database1DLPNO.pkl -ct -gout -hout -s -fc 100 -v 0.996
COMMAND: JKQC database1DLPNO.pkl -movie
COMMAND: JKQC database1DLPNO.pkl -ct -glob -g -h -s -fc 100 -v 0.996
COMMAND: JKQC database3DFT.pkl -movie
COMMAND: JKQC database1DLPNO.pkl -ct -glob -g -h -s -fc 100 -v 0.996
COMMAND: JKQC database3DFT.pkl -movie
