COMMAND: JKQC 2sa2tma-100.log 2sa2tma-101.log 2sa2tma-102.log 2sa2tma-103.log 2sa2tma-104.log 2sa2tma-105.log 2sa2tma-106.log 2sa2tma-107.log 2sa2tma-108.log 2sa2tma-109.log 2sa2tma-10.log 2sa2tma-110.log 2sa2tma-111.log 2sa2tma-112.log 2sa2tma-113.log 2sa2tma-114.log 2sa2tma-115.log 2sa2tma-116.log 2sa2tma-117.log 2sa2tma-118.log 2sa2tma-119.log 2sa2tma-11.log 2sa2tma-120.log 2sa2tma-121.log 2sa2tma-122.log 2sa2tma-123.log 2sa2tma-124.log 2sa2tma-125.log 2sa2tma-126.log 2sa2tma-127.log 2sa2tma-128.log 2sa2tma-129.log 2sa2tma-12.log 2sa2tma-130.log 2sa2tma-131.log 2sa2tma-132.log 2sa2tma-133.log 2sa2tma-134.log 2sa2tma-135.log 2sa2tma-136.log 2sa2tma-137.log 2sa2tma-138.log 2sa2tma-139.log 2sa2tma-13.log 2sa2tma-140.log 2sa2tma-141.log 2sa2tma-142.log 2sa2tma-143.log 2sa2tma-144.log 2sa2tma-145.log 2sa2tma-146.log 2sa2tma-147.log 2sa2tma-148.log 2sa2tma-149.log 2sa2tma-14.log 2sa2tma-150.log 2sa2tma-151.log 2sa2tma-152.log 2sa2tma-153.log 2sa2tma-154.log 2sa2tma-155.log 2sa2tma-156.log 2sa2tma-157.log 2sa2tma-158.log 2sa2tma-15.log 2sa2tma-16.log 2sa2tma-17.log 2sa2tma-18.log 2sa2tma-19.log 2sa2tma-1.log 2sa2tma-20.log 2sa2tma-21.log 2sa2tma-22.log 2sa2tma-23.log 2sa2tma-24.log 2sa2tma-25.log 2sa2tma-26.log 2sa2tma-27.log 2sa2tma-28.log 2sa2tma-29.log 2sa2tma-2.log 2sa2tma-30.log 2sa2tma-31.log 2sa2tma-32.log 2sa2tma-33.log 2sa2tma-34.log 2sa2tma-35.log 2sa2tma-36.log 2sa2tma-37.log 2sa2tma-38.log 2sa2tma-39.log 2sa2tma-3.log 2sa2tma-40.log 2sa2tma-41.log 2sa2tma-42.log 2sa2tma-43.log 2sa2tma-44.log 2sa2tma-45.log 2sa2tma-46.log 2sa2tma-47.log 2sa2tma-48.log 2sa2tma-49.log 2sa2tma-4.log 2sa2tma-50.log 2sa2tma-51.log 2sa2tma-52.log 2sa2tma-53.log 2sa2tma-54.log 2sa2tma-55.log 2sa2tma-56.log 2sa2tma-57.log 2sa2tma-58.log 2sa2tma-59.log 2sa2tma-5.log 2sa2tma-60.log 2sa2tma-61.log 2sa2tma-62.log 2sa2tma-63.log 2sa2tma-64.log 2sa2tma-65.log 2sa2tma-66.log 2sa2tma-67.log 2sa2tma-68.log 2sa2tma-69.log 2sa2tma-6.log 2sa2tma-70.log 2sa2tma-71.log 2sa2tma-72.log 2sa2tma-73.log 2sa2tma-74.log 2sa2tma-75.log 2sa2tma-76.log 2sa2tma-77.log 2sa2tma-78.log 2sa2tma-79.log 2sa2tma-7.log 2sa2tma-80.log 2sa2tma-81.log 2sa2tma-82.log 2sa2tma-83.log 2sa2tma-84.log 2sa2tma-85.log 2sa2tma-86.log 2sa2tma-87.log 2sa2tma-88.log 2sa2tma-89.log 2sa2tma-8.log 2sa2tma-90.log 2sa2tma-91.log 2sa2tma-92.log 2sa2tma-93.log 2sa2tma-94.log 2sa2tma-95.log 2sa2tma-96.log 2sa2tma-97.log 2sa2tma-98.log 2sa2tma-99.log 2sa2tma-9.log -reacted -noexample -out database.pkl
COMMAND: JKQC database.pkl -ct -gout
/home/kubeckaj/ACDB/database_v2/DLPNO_vnw16/Kubecka23-DFT/SYS_2sa_2tma
COMMAND: JKQC 2sa2tma-100.log 2sa2tma-101.log 2sa2tma-102.log 2sa2tma-103.log 2sa2tma-104.log 2sa2tma-105.log 2sa2tma-106.log 2sa2tma-107.log 2sa2tma-108.log 2sa2tma-109.log 2sa2tma-10.log 2sa2tma-110.log 2sa2tma-111.log 2sa2tma-112.log 2sa2tma-113.log 2sa2tma-114.log 2sa2tma-115.log 2sa2tma-116.log 2sa2tma-117.log 2sa2tma-118.log 2sa2tma-119.log 2sa2tma-11.log 2sa2tma-120.log 2sa2tma-121.log 2sa2tma-122.log 2sa2tma-123.log 2sa2tma-124.log 2sa2tma-125.log 2sa2tma-126.log 2sa2tma-127.log 2sa2tma-128.log 2sa2tma-129.log 2sa2tma-12.log 2sa2tma-130.log 2sa2tma-131.log 2sa2tma-132.log 2sa2tma-133.log 2sa2tma-134.log 2sa2tma-135.log 2sa2tma-136.log 2sa2tma-137.log 2sa2tma-138.log 2sa2tma-139.log 2sa2tma-13.log 2sa2tma-140.log 2sa2tma-141.log 2sa2tma-142.log 2sa2tma-143.log 2sa2tma-144.log 2sa2tma-145.log 2sa2tma-146.log 2sa2tma-147.log 2sa2tma-148.log 2sa2tma-149.log 2sa2tma-14.log 2sa2tma-150.log 2sa2tma-151.log 2sa2tma-152.log 2sa2tma-153.log 2sa2tma-154.log 2sa2tma-155.log 2sa2tma-156.log 2sa2tma-157.log 2sa2tma-158.log 2sa2tma-15.log 2sa2tma-16.log 2sa2tma-17.log 2sa2tma-18.log 2sa2tma-19.log 2sa2tma-1.log 2sa2tma-20.log 2sa2tma-21.log 2sa2tma-22.log 2sa2tma-23.log 2sa2tma-24.log 2sa2tma-25.log 2sa2tma-26.log 2sa2tma-27.log 2sa2tma-28.log 2sa2tma-29.log 2sa2tma-2.log 2sa2tma-30.log 2sa2tma-31.log 2sa2tma-32.log 2sa2tma-33.log 2sa2tma-34.log 2sa2tma-35.log 2sa2tma-36.log 2sa2tma-37.log 2sa2tma-38.log 2sa2tma-39.log 2sa2tma-3.log 2sa2tma-40.log 2sa2tma-41.log 2sa2tma-42.log 2sa2tma-43.log 2sa2tma-44.log 2sa2tma-45.log 2sa2tma-46.log 2sa2tma-47.log 2sa2tma-48.log 2sa2tma-49.log 2sa2tma-4.log 2sa2tma-50.log 2sa2tma-51.log 2sa2tma-52.log 2sa2tma-53.log 2sa2tma-54.log 2sa2tma-55.log 2sa2tma-56.log 2sa2tma-57.log 2sa2tma-58.log 2sa2tma-59.log 2sa2tma-5.log 2sa2tma-60.log 2sa2tma-61.log 2sa2tma-62.log 2sa2tma-63.log 2sa2tma-64.log 2sa2tma-65.log 2sa2tma-66.log 2sa2tma-67.log 2sa2tma-68.log 2sa2tma-69.log 2sa2tma-6.log 2sa2tma-70.log 2sa2tma-71.log 2sa2tma-72.log 2sa2tma-73.log 2sa2tma-74.log 2sa2tma-75.log 2sa2tma-76.log 2sa2tma-77.log 2sa2tma-78.log 2sa2tma-79.log 2sa2tma-7.log 2sa2tma-80.log 2sa2tma-81.log 2sa2tma-82.log 2sa2tma-83.log 2sa2tma-84.log 2sa2tma-85.log 2sa2tma-86.log 2sa2tma-87.log 2sa2tma-88.log 2sa2tma-89.log 2sa2tma-8.log 2sa2tma-90.log 2sa2tma-91.log 2sa2tma-92.log 2sa2tma-93.log 2sa2tma-94.log 2sa2tma-95.log 2sa2tma-96.log 2sa2tma-97.log 2sa2tma-98.log 2sa2tma-99.log 2sa2tma-9.log -reacted -noexample -out database1DLPNO.pkl
slurmstepd: error: *** JOB 2639851 ON s81n21 CANCELLED AT 2023-03-08T13:48:21 ***
/home/kubeckaj/ACDB/database_v2/DLPNO_vnw16/Kubecka23-DFT/SYS_2sa_2tma
COMMAND: JKQC 2sa2tma-100.log 2sa2tma-101.log 2sa2tma-102.log 2sa2tma-103.log 2sa2tma-104.log 2sa2tma-105.log 2sa2tma-106.log 2sa2tma-107.log 2sa2tma-108.log 2sa2tma-109.log 2sa2tma-10.log 2sa2tma-110.log 2sa2tma-111.log 2sa2tma-112.log 2sa2tma-113.log 2sa2tma-114.log 2sa2tma-115.log 2sa2tma-116.log 2sa2tma-117.log 2sa2tma-118.log 2sa2tma-119.log 2sa2tma-11.log 2sa2tma-120.log 2sa2tma-121.log 2sa2tma-122.log 2sa2tma-123.log 2sa2tma-124.log 2sa2tma-125.log 2sa2tma-126.log 2sa2tma-127.log 2sa2tma-128.log 2sa2tma-129.log 2sa2tma-12.log 2sa2tma-130.log 2sa2tma-131.log 2sa2tma-132.log 2sa2tma-133.log 2sa2tma-134.log 2sa2tma-135.log 2sa2tma-136.log 2sa2tma-137.log 2sa2tma-138.log 2sa2tma-139.log 2sa2tma-13.log 2sa2tma-140.log 2sa2tma-141.log 2sa2tma-142.log 2sa2tma-143.log 2sa2tma-144.log 2sa2tma-145.log 2sa2tma-146.log 2sa2tma-147.log 2sa2tma-148.log 2sa2tma-149.log 2sa2tma-14.log 2sa2tma-150.log 2sa2tma-151.log 2sa2tma-152.log 2sa2tma-153.log 2sa2tma-154.log 2sa2tma-155.log 2sa2tma-156.log 2sa2tma-157.log 2sa2tma-158.log 2sa2tma-15.log 2sa2tma-16.log 2sa2tma-17.log 2sa2tma-18.log 2sa2tma-19.log 2sa2tma-1.log 2sa2tma-20.log 2sa2tma-21.log 2sa2tma-22.log 2sa2tma-23.log 2sa2tma-24.log 2sa2tma-25.log 2sa2tma-26.log 2sa2tma-27.log 2sa2tma-28.log 2sa2tma-29.log 2sa2tma-2.log 2sa2tma-30.log 2sa2tma-31.log 2sa2tma-32.log 2sa2tma-33.log 2sa2tma-34.log 2sa2tma-35.log 2sa2tma-36.log 2sa2tma-37.log 2sa2tma-38.log 2sa2tma-39.log 2sa2tma-3.log 2sa2tma-40.log 2sa2tma-41.log 2sa2tma-42.log 2sa2tma-43.log 2sa2tma-44.log 2sa2tma-45.log 2sa2tma-46.log 2sa2tma-47.log 2sa2tma-48.log 2sa2tma-49.log 2sa2tma-4.log 2sa2tma-50.log 2sa2tma-51.log 2sa2tma-52.log 2sa2tma-53.log 2sa2tma-54.log 2sa2tma-55.log 2sa2tma-56.log 2sa2tma-57.log 2sa2tma-58.log 2sa2tma-59.log 2sa2tma-5.log 2sa2tma-60.log 2sa2tma-61.log 2sa2tma-62.log 2sa2tma-63.log 2sa2tma-64.log 2sa2tma-65.log 2sa2tma-66.log 2sa2tma-67.log 2sa2tma-68.log 2sa2tma-69.log 2sa2tma-6.log 2sa2tma-70.log 2sa2tma-71.log 2sa2tma-72.log 2sa2tma-73.log 2sa2tma-74.log 2sa2tma-75.log 2sa2tma-76.log 2sa2tma-77.log 2sa2tma-78.log 2sa2tma-79.log 2sa2tma-7.log 2sa2tma-80.log 2sa2tma-81.log 2sa2tma-82.log 2sa2tma-83.log 2sa2tma-84.log 2sa2tma-85.log 2sa2tma-86.log 2sa2tma-87.log 2sa2tma-88.log 2sa2tma-89.log 2sa2tma-8.log 2sa2tma-90.log 2sa2tma-91.log 2sa2tma-92.log 2sa2tma-93.log 2sa2tma-94.log 2sa2tma-95.log 2sa2tma-96.log 2sa2tma-97.log 2sa2tma-98.log 2sa2tma-99.log 2sa2tma-9.log -reacted -noexample -out database1DLPNO.pkl
Number of files: 158
COMMAND: JKQC database1DLPNO.pkl -ct -gout
/home/kubeckaj/ACDB/database_v2/DLPNO_vnw16/Kubecka23-DFT/SYS_2sa_2tma
/home/kubeckaj/ACDB/database_v2/DLPNO_vnw16/Kubecka23-DFT/SYS_2sa_2tma
COMMAND: JKQC 2sa2tma-100.log 2sa2tma-101.log 2sa2tma-102.log 2sa2tma-103.log 2sa2tma-104.log 2sa2tma-105.log 2sa2tma-106.log 2sa2tma-107.log 2sa2tma-108.log 2sa2tma-109.log 2sa2tma-10.log 2sa2tma-110.log 2sa2tma-111.log 2sa2tma-112.log 2sa2tma-113.log 2sa2tma-114.log 2sa2tma-115.log 2sa2tma-116.log 2sa2tma-117.log 2sa2tma-118.log 2sa2tma-119.log 2sa2tma-11.log 2sa2tma-120.log 2sa2tma-121.log 2sa2tma-122.log 2sa2tma-123.log 2sa2tma-124.log 2sa2tma-125.log 2sa2tma-126.log 2sa2tma-127.log 2sa2tma-128.log 2sa2tma-129.log 2sa2tma-12.log 2sa2tma-130.log 2sa2tma-131.log 2sa2tma-132.log 2sa2tma-133.log 2sa2tma-134.log 2sa2tma-135.log 2sa2tma-136.log 2sa2tma-137.log 2sa2tma-138.log 2sa2tma-139.log 2sa2tma-13.log 2sa2tma-140.log 2sa2tma-141.log 2sa2tma-142.log 2sa2tma-143.log 2sa2tma-144.log 2sa2tma-145.log 2sa2tma-146.log 2sa2tma-147.log 2sa2tma-148.log 2sa2tma-149.log 2sa2tma-14.log 2sa2tma-150.log 2sa2tma-151.log 2sa2tma-152.log 2sa2tma-153.log 2sa2tma-154.log 2sa2tma-155.log 2sa2tma-156.log 2sa2tma-157.log 2sa2tma-158.log 2sa2tma-15.log 2sa2tma-16.log 2sa2tma-17.log 2sa2tma-18.log 2sa2tma-19.log 2sa2tma-1.log 2sa2tma-20.log 2sa2tma-21.log 2sa2tma-22.log 2sa2tma-23.log 2sa2tma-24.log 2sa2tma-25.log 2sa2tma-26.log 2sa2tma-27.log 2sa2tma-28.log 2sa2tma-29.log 2sa2tma-2.log 2sa2tma-30.log 2sa2tma-31.log 2sa2tma-32.log 2sa2tma-33.log 2sa2tma-34.log 2sa2tma-35.log 2sa2tma-36.log 2sa2tma-37.log 2sa2tma-38.log 2sa2tma-39.log 2sa2tma-3.log 2sa2tma-40.log 2sa2tma-41.log 2sa2tma-42.log 2sa2tma-43.log 2sa2tma-44.log 2sa2tma-45.log 2sa2tma-46.log 2sa2tma-47.log 2sa2tma-48.log 2sa2tma-49.log 2sa2tma-4.log 2sa2tma-50.log 2sa2tma-51.log 2sa2tma-52.log 2sa2tma-53.log 2sa2tma-54.log 2sa2tma-55.log 2sa2tma-56.log 2sa2tma-57.log 2sa2tma-58.log 2sa2tma-59.log 2sa2tma-5.log 2sa2tma-60.log 2sa2tma-61.log 2sa2tma-62.log 2sa2tma-63.log 2sa2tma-64.log 2sa2tma-65.log 2sa2tma-66.log 2sa2tma-67.log 2sa2tma-68.log 2sa2tma-69.log 2sa2tma-6.log 2sa2tma-70.log 2sa2tma-71.log 2sa2tma-72.log 2sa2tma-73.log 2sa2tma-74.log 2sa2tma-75.log 2sa2tma-76.log 2sa2tma-77.log 2sa2tma-78.log 2sa2tma-79.log 2sa2tma-7.log 2sa2tma-80.log 2sa2tma-81.log 2sa2tma-82.log 2sa2tma-83.log 2sa2tma-84.log 2sa2tma-85.log 2sa2tma-86.log 2sa2tma-87.log 2sa2tma-88.log 2sa2tma-89.log 2sa2tma-8.log 2sa2tma-90.log 2sa2tma-91.log 2sa2tma-92.log 2sa2tma-93.log 2sa2tma-94.log 2sa2tma-95.log 2sa2tma-96.log 2sa2tma-97.log 2sa2tma-98.log 2sa2tma-99.log 2sa2tma-9.log -reacted -noexample -out database3DFT.pkl
Number of files: 158
/home/kubeckaj/ACDB/database_v2/DLPNO_vnw16/Kubecka23-DFT/SYS_2sa_2tma
/home/kubeckaj/ACDB/database_v2/DLPNO_vnw16/Kubecka23-DFT/SYS_2sa_2tma
COMMAND: JKQC 2sa2tma-100.log 2sa2tma-101.log 2sa2tma-102.log 2sa2tma-103.log 2sa2tma-104.log 2sa2tma-105.log 2sa2tma-106.log 2sa2tma-107.log 2sa2tma-108.log 2sa2tma-109.log 2sa2tma-10.log 2sa2tma-110.log 2sa2tma-111.log 2sa2tma-112.log 2sa2tma-113.log 2sa2tma-114.log 2sa2tma-115.log 2sa2tma-116.log 2sa2tma-117.log 2sa2tma-118.log 2sa2tma-119.log 2sa2tma-11.log 2sa2tma-120.log 2sa2tma-121.log 2sa2tma-122.log 2sa2tma-123.log 2sa2tma-124.log 2sa2tma-125.log 2sa2tma-126.log 2sa2tma-127.log 2sa2tma-128.log 2sa2tma-129.log 2sa2tma-12.log 2sa2tma-130.log 2sa2tma-131.log 2sa2tma-132.log 2sa2tma-133.log 2sa2tma-134.log 2sa2tma-135.log 2sa2tma-136.log 2sa2tma-137.log 2sa2tma-138.log 2sa2tma-139.log 2sa2tma-13.log 2sa2tma-140.log 2sa2tma-141.log 2sa2tma-142.log 2sa2tma-143.log 2sa2tma-144.log 2sa2tma-145.log 2sa2tma-146.log 2sa2tma-147.log 2sa2tma-148.log 2sa2tma-149.log 2sa2tma-14.log 2sa2tma-150.log 2sa2tma-151.log 2sa2tma-152.log 2sa2tma-153.log 2sa2tma-154.log 2sa2tma-155.log 2sa2tma-156.log 2sa2tma-157.log 2sa2tma-158.log 2sa2tma-15.log 2sa2tma-16.log 2sa2tma-17.log 2sa2tma-18.log 2sa2tma-19.log 2sa2tma-1.log 2sa2tma-20.log 2sa2tma-21.log 2sa2tma-22.log 2sa2tma-23.log 2sa2tma-24.log 2sa2tma-25.log 2sa2tma-26.log 2sa2tma-27.log 2sa2tma-28.log 2sa2tma-29.log 2sa2tma-2.log 2sa2tma-30.log 2sa2tma-31.log 2sa2tma-32.log 2sa2tma-33.log 2sa2tma-34.log 2sa2tma-35.log 2sa2tma-36.log 2sa2tma-37.log 2sa2tma-38.log 2sa2tma-39.log 2sa2tma-3.log 2sa2tma-40.log 2sa2tma-41.log 2sa2tma-42.log 2sa2tma-43.log 2sa2tma-44.log 2sa2tma-45.log 2sa2tma-46.log 2sa2tma-47.log 2sa2tma-48.log 2sa2tma-49.log 2sa2tma-4.log 2sa2tma-50.log 2sa2tma-51.log 2sa2tma-52.log 2sa2tma-53.log 2sa2tma-54.log 2sa2tma-55.log 2sa2tma-56.log 2sa2tma-57.log 2sa2tma-58.log 2sa2tma-59.log 2sa2tma-5.log 2sa2tma-60.log 2sa2tma-61.log 2sa2tma-62.log 2sa2tma-63.log 2sa2tma-64.log 2sa2tma-65.log 2sa2tma-66.log 2sa2tma-67.log 2sa2tma-68.log 2sa2tma-69.log 2sa2tma-6.log 2sa2tma-70.log 2sa2tma-71.log 2sa2tma-72.log 2sa2tma-73.log 2sa2tma-74.log 2sa2tma-75.log 2sa2tma-76.log 2sa2tma-77.log 2sa2tma-78.log 2sa2tma-79.log 2sa2tma-7.log 2sa2tma-80.log 2sa2tma-81.log 2sa2tma-82.log 2sa2tma-83.log 2sa2tma-84.log 2sa2tma-85.log 2sa2tma-86.log 2sa2tma-87.log 2sa2tma-88.log 2sa2tma-89.log 2sa2tma-8.log 2sa2tma-90.log 2sa2tma-91.log 2sa2tma-92.log 2sa2tma-93.log 2sa2tma-94.log 2sa2tma-95.log 2sa2tma-96.log 2sa2tma-97.log 2sa2tma-98.log 2sa2tma-99.log 2sa2tma-9.log -reacted -noexample -out database.pkl
Number of files: 158
/home/kubeckaj/ACDB/database_v2/DLPNO_vnw16/Kubecka23-DFT/SYS_2sa_2tma
COMMAND: JKQC database.pkl -noexample -fc 100 -v 0.996 -sort g -select 3 -reacted -unique rg,el,g -out database3DFT.pkl
COMMAND: JKQC database.pkl -noexample -fc 100 -v 0.996 -globout -reacted -out database1DLPNO.pkl
COMMAND: JKQC database1DLPNO.pkl -ct -gout
/home/kubeckaj/ACDB/database_v2/DLPNO_vnw16/Kubecka23-DFT/SYS_2sa_2tma
COMMAND: JKQC database.pkl -noexample -fc 100 -v 0.996 -sort gout -select 1 -reacted -out database1DLPNO.pkl
Traceback (most recent call last):
  File "/home/kubeckaj/Applications/JKCS2.1/JKQC/JKCS/lib/python3.9/site-packages/pandas/core/indexes/base.py", line 3361, in get_loc
    return self._engine.get_loc(casted_key)
  File "pandas/_libs/index.pyx", line 76, in pandas._libs.index.IndexEngine.get_loc
  File "pandas/_libs/index.pyx", line 108, in pandas._libs.index.IndexEngine.get_loc
  File "pandas/_libs/hashtable_class_helper.pxi", line 5198, in pandas._libs.hashtable.PyObjectHashTable.get_item
  File "pandas/_libs/hashtable_class_helper.pxi", line 5206, in pandas._libs.hashtable.PyObjectHashTable.get_item
KeyError: 'out'

The above exception was the direct cause of the following exception:

Traceback (most recent call last):
  File "/home/kubeckaj/Applications/JKCS2.1/JKQC/JKQCpickle.py", line 2042, in <module>
    sorted_indices = (clusters_df["log"]["gibbs_free_energy"]-clusters_df["log"]["electronic_energy"]+clusters_df["out"]["electronic_energy"]).sort_values().index
  File "/home/kubeckaj/Applications/JKCS2.1/JKQC/JKCS/lib/python3.9/site-packages/pandas/core/frame.py", line 3457, in __getitem__
    return self._getitem_multilevel(key)
  File "/home/kubeckaj/Applications/JKCS2.1/JKQC/JKCS/lib/python3.9/site-packages/pandas/core/frame.py", line 3508, in _getitem_multilevel
    loc = self.columns.get_loc(key)
  File "/home/kubeckaj/Applications/JKCS2.1/JKQC/JKCS/lib/python3.9/site-packages/pandas/core/indexes/multi.py", line 2922, in get_loc
    loc = self._get_level_indexer(key, level=0)
  File "/home/kubeckaj/Applications/JKCS2.1/JKQC/JKCS/lib/python3.9/site-packages/pandas/core/indexes/multi.py", line 3204, in _get_level_indexer
    idx = self._get_loc_single_level_index(level_index, key)
  File "/home/kubeckaj/Applications/JKCS2.1/JKQC/JKCS/lib/python3.9/site-packages/pandas/core/indexes/multi.py", line 2855, in _get_loc_single_level_index
    return level_index.get_loc(key)
  File "/home/kubeckaj/Applications/JKCS2.1/JKQC/JKCS/lib/python3.9/site-packages/pandas/core/indexes/base.py", line 3363, in get_loc
    raise KeyError(key) from err
KeyError: 'out'
COMMAND: JKQC database1DLPNO.pkl -ct -gout
/home/kubeckaj/ACDB/database_v2/DLPNO_vnw16/Kubecka23-DFT/SYS_2sa_2tma
COMMAND: JKQC database.pkl -noexample -fc 100 -v 0.996 -sort gout -select 1 -reacted -out database1DLPNO.pkl
COMMAND: JKQC database1DLPNO.pkl -ct -gout
COMMAND: JKQC database1DLPNO.pkl -ct -gout -hout -s -fc 100 -v 0.996
COMMAND: JKQC database1DLPNO.pkl -movie
COMMAND: JKQC database1DLPNO.pkl -ct -glob -g -h -s -fc 100 -v 0.996
COMMAND: JKQC database3DFT.pkl -movie
COMMAND: JKQC database1DLPNO.pkl -ct -glob -g -h -s -fc 100 -v 0.996
COMMAND: JKQC database3DFT.pkl -movie
